\BOOKMARK [0][-]{dummy.1}{\376\377\000D\000e\000c\000l\000a\000r\000a\000t\000i\000o\000n\000\040\000o\000f\000\040\000A\000u\000t\000h\000o\000r\000s\000h\000i\000p}{}% 1
\BOOKMARK [0][-]{dummy.2}{\376\377\000A\000b\000s\000t\000r\000a\000c\000t}{}% 2
\BOOKMARK [0][-]{dummy.3}{\376\377\000A\000c\000k\000n\000o\000w\000l\000e\000d\000g\000e\000m\000e\000n\000t\000s}{}% 3
\BOOKMARK [0][-]{dummy.5}{\376\377\000L\000i\000s\000t\000\040\000o\000f\000\040\000F\000i\000g\000u\000r\000e\000s}{}% 4
\BOOKMARK [0][-]{dummy.7}{\376\377\000A\000b\000b\000r\000e\000v\000i\000a\000t\000i\000o\000n\000s}{}% 5
\BOOKMARK [0][-]{chapter.10}{\376\377\0001\000\040\000I\000n\000t\000r\000o\000d\000u\000c\000t\000i\000o\000n}{}% 6
\BOOKMARK [1][-]{section.11}{\376\377\0001\000.\0001\000\040\000I\000n\000t\000r\000o\000d\000u\000c\000t\000i\000o\000n}{chapter.10}% 7
\BOOKMARK [1][-]{section.12}{\376\377\0001\000.\0002\000\040\000O\000b\000j\000e\000c\000t\000i\000v\000e}{chapter.10}% 8
\BOOKMARK [1][-]{section.13}{\376\377\0001\000.\0003\000\040\000C\000o\000n\000t\000r\000i\000b\000u\000t\000i\000o\000n}{chapter.10}% 9
\BOOKMARK [1][-]{section.14}{\376\377\0001\000.\0004\000\040\000T\000h\000e\000s\000i\000s\000\040\000O\000v\000e\000r\000v\000i\000e\000w}{chapter.10}% 10
\BOOKMARK [0][-]{chapter.15}{\376\377\0002\000\040\000B\000a\000c\000k\000g\000r\000o\000u\000n\000d}{}% 11
\BOOKMARK [1][-]{section.16}{\376\377\0002\000.\0001\000\040\000M\000a\000p\000R\000e\000d\000u\000c\000e}{chapter.15}% 12
\BOOKMARK [1][-]{section.18}{\376\377\0002\000.\0002\000\040\000H\000a\000d\000o\000o\000p}{chapter.15}% 13
\BOOKMARK [2][-]{subsection.19}{\376\377\0002\000.\0002\000.\0001\000\040\000H\000D\000F\000S}{section.18}% 14
\BOOKMARK [3][-]{subsubsection.20}{\376\377\0002\000.\0002\000.\0001\000.\0001\000\040\000H\000D\000F\000S\000\040\000B\000l\000o\000c\000k\000s}{subsection.19}% 15
\BOOKMARK [2][-]{subsection.21}{\376\377\0002\000.\0002\000.\0002\000\040\000N\000a\000m\000e\000n\000o\000d\000e\000\040\000a\000n\000d\000\040\000D\000a\000t\000a\000n\000o\000d\000e}{section.18}% 16
\BOOKMARK [2][-]{subsection.22}{\376\377\0002\000.\0002\000.\0003\000\040\000S\000c\000h\000e\000d\000u\000l\000e\000r\000s}{section.18}% 17
\BOOKMARK [1][-]{section.23}{\376\377\0002\000.\0003\000\040\000M\000a\000p\000R\000e\000d\000u\000c\000e\000\040\000V\000e\000r\000s\000i\000o\000n\000s}{chapter.15}% 18
\BOOKMARK [2][-]{subsubsection.24}{\376\377\0002\000.\0003\000.\0000\000.\0001\000\040\000M\000a\000p\000R\000e\000d\000u\000c\000e\000\040\000V\000e\000r\000s\000i\000o\000n\000\040\0001}{section.23}% 19
\BOOKMARK [3][-]{subsubsection.26}{\376\377\0002\000.\0003\000.\0000\000.\0002\000\040\000M\000a\000p\000R\000e\000d\000u\000c\000e\000\040\000v\000e\000r\000s\000i\000o\000n\000\040\0002\000\040\000\050\000Y\000a\000r\000n\000\051}{subsubsection.24}% 20
\BOOKMARK [1][-]{section.28}{\376\377\0002\000.\0004\000\040\000C\000l\000o\000u\000d\000\040\000C\000o\000m\000p\000u\000t\000i\000n\000g}{chapter.15}% 21
\BOOKMARK [2][-]{subsection.29}{\376\377\0002\000.\0004\000.\0001\000\040\000S\000e\000r\000v\000i\000c\000e\000\040\000M\000o\000d\000e\000l\000s}{section.28}% 22
\BOOKMARK [2][-]{subsection.30}{\376\377\0002\000.\0004\000.\0002\000\040\000D\000e\000p\000l\000o\000y\000m\000e\000n\000t\000\040\000M\000o\000d\000e\000l\000s}{section.28}% 23
\BOOKMARK [0][-]{chapter.31}{\376\377\0003\000\040\000H\000a\000d\000o\000o\000p\000\040\000O\000p\000t\000i\000m\000i\000z\000a\000t\000i\000o\000n\000s}{}% 24
\BOOKMARK [1][-]{section.32}{\376\377\0003\000.\0001\000\040\000C\000a\000p\000a\000c\000i\000t\000y\000\040\000S\000c\000h\000e\000d\000u\000l\000e\000r}{chapter.31}% 25
\BOOKMARK [1][-]{section.33}{\376\377\0003\000.\0002\000\040\000F\000a\000i\000r\000s\000h\000a\000r\000e\000\040\000S\000c\000h\000e\000d\000u\000l\000e\000r}{chapter.31}% 26
\BOOKMARK [1][-]{section.34}{\376\377\0003\000.\0003\000\040\000S\000p\000e\000c\000u\000l\000a\000t\000i\000v\000e\000\040\000E\000x\000e\000c\000u\000t\000i\000o\000n}{chapter.31}% 27
\BOOKMARK [1][-]{section.35}{\376\377\0003\000.\0004\000\040\000L\000A\000T\000E\000\040\000S\000c\000h\000e\000d\000u\000l\000e\000r}{chapter.31}% 28
\BOOKMARK [2][-]{subsection.36}{\376\377\0003\000.\0004\000.\0001\000\040\000A\000d\000v\000a\000n\000t\000a\000g\000e\000s\000\040\000o\000f\000\040\000L\000A\000T\000E}{section.35}% 29
\BOOKMARK [0][-]{chapter.37}{\376\377\0004\000\040\000M\000e\000t\000h\000o\000d\000o\000l\000o\000g\000y\000\040}{}% 30
\BOOKMARK [1][-]{section.38}{\376\377\0004\000.\0001\000\040\000O\000b\000j\000e\000c\000t\000i\000v\000e\000\040\000o\000f\000\040\000T\000h\000e\000\040\000W\000o\000r\000k}{chapter.37}% 31
\BOOKMARK [1][-]{section.39}{\376\377\0004\000.\0002\000\040\000M\000e\000t\000h\000o\000d\000o\000l\000o\000g\000y}{chapter.37}% 32
\BOOKMARK [1][-]{section.40}{\376\377\0004\000.\0003\000\040\000W\000o\000r\000k\000\040\000S\000c\000o\000p\000e}{chapter.37}% 33
\BOOKMARK [1][-]{section.41}{\376\377\0004\000.\0004\000\040\000E\000x\000p\000e\000r\000i\000m\000e\000n\000t\000a\000l\000\040\000E\000n\000v\000i\000r\000o\000n\000m\000e\000n\000t}{chapter.37}% 34
\BOOKMARK [2][-]{subsection.42}{\376\377\0004\000.\0004\000.\0001\000\040\000P\000h\000y\000s\000i\000c\000a\000l\000\040\000R\000e\000s\000o\000u\000r\000c\000e\000s}{section.41}% 35
\BOOKMARK [2][-]{subsection.43}{\376\377\0004\000.\0004\000.\0002\000\040\000T\000e\000r\000a\000s\000o\000r\000t}{section.41}% 36
\BOOKMARK [2][-]{subsection.44}{\376\377\0004\000.\0004\000.\0003\000\040\000O\000p\000e\000n\000S\000t\000a\000c\000k}{section.41}% 37
\BOOKMARK [2][-]{subsection.45}{\376\377\0004\000.\0004\000.\0004\000\040\000U\000b\000u\000n\000t\000u\000\040\000V\000i\000r\000t\000u\000a\000l\000\040\000M\000a\000c\000h\000i\000n\000e}{section.41}% 38
\BOOKMARK [0][-]{chapter.46}{\376\377\0005\000\040\000E\000v\000a\000l\000u\000a\000t\000i\000o\000n}{}% 39
\BOOKMARK [1][-]{section.47}{\376\377\0005\000.\0001\000\040\000E\000x\000p\000e\000r\000i\000m\000e\000n\000t\000\040\0001}{chapter.46}% 40
\BOOKMARK [2][-]{subsection.48}{\376\377\0005\000.\0001\000.\0001\000\040\000O\000b\000j\000e\000c\000t\000i\000v\000e\000s}{section.47}% 41
\BOOKMARK [2][-]{subsection.49}{\376\377\0005\000.\0001\000.\0002\000\040\000R\000e\000s\000u\000l\000t\000s}{section.47}% 42
\BOOKMARK [2][-]{subsection.51}{\376\377\0005\000.\0001\000.\0003\000\040\000F\000a\000i\000r\000n\000e\000s\000s\000\040}{section.47}% 43
\BOOKMARK [2][-]{subsection.53}{\376\377\0005\000.\0001\000.\0004\000\040\000D\000i\000s\000c\000u\000s\000s\000i\000o\000n}{section.47}% 44
\BOOKMARK [1][-]{section.54}{\376\377\0005\000.\0002\000\040\000E\000x\000p\000e\000r\000i\000m\000e\000n\000t\000\040\0002}{chapter.46}% 45
\BOOKMARK [2][-]{subsection.55}{\376\377\0005\000.\0002\000.\0001\000\040\000O\000b\000j\000e\000c\000t\000i\000v\000e\000s}{section.54}% 46
\BOOKMARK [2][-]{subsection.56}{\376\377\0005\000.\0002\000.\0002\000\040\000R\000e\000s\000u\000l\000t\000s}{section.54}% 47
\BOOKMARK [2][-]{subsection.58}{\376\377\0005\000.\0002\000.\0003\000\040\000F\000a\000i\000r\000n\000e\000s\000s}{section.54}% 48
\BOOKMARK [2][-]{subsection.60}{\376\377\0005\000.\0002\000.\0004\000\040\000D\000i\000s\000c\000u\000s\000s\000i\000o\000n}{section.54}% 49
\BOOKMARK [1][-]{section.61}{\376\377\0005\000.\0003\000\040\000E\000x\000p\000e\000r\000i\000m\000e\000n\000t\000\040\0003}{chapter.46}% 50
\BOOKMARK [2][-]{subsection.62}{\376\377\0005\000.\0003\000.\0001\000\040\000O\000b\000j\000e\000c\000t\000i\000v\000e}{section.61}% 51
\BOOKMARK [2][-]{subsection.63}{\376\377\0005\000.\0003\000.\0002\000\040\000R\000e\000s\000u\000l\000t\000s\000\040}{section.61}% 52
\BOOKMARK [2][-]{subsection.65}{\376\377\0005\000.\0003\000.\0003\000\040\000F\000a\000i\000r\000n\000e\000s\000s}{section.61}% 53
\BOOKMARK [2][-]{subsection.67}{\376\377\0005\000.\0003\000.\0004\000\040\000D\000i\000s\000c\000u\000s\000s\000i\000o\000n}{section.61}% 54
\BOOKMARK [0][-]{chapter.68}{\376\377\0006\000\040\000C\000l\000o\000u\000d\000\040\000C\000o\000m\000p\000u\000t\000i\000n\000g\000\040\000i\000n\000\040\000A\000f\000g\000h\000a\000n\000i\000s\000t\000a\000n}{}% 55
\BOOKMARK [1][-]{section.69}{\376\377\0006\000.\0001\000\040\000A\000f\000g\000h\000a\000n\000i\000s\000t\000a\000n\000\040\000a\000n\000d\000\040\000I\000C\000T}{chapter.68}% 56
\BOOKMARK [2][-]{subsection.70}{\376\377\0006\000.\0001\000.\0001\000\040\000N\000a\000t\000i\000o\000n\000a\000l\000\040\000O\000p\000t\000i\000c\000a\000l\000\040\000F\000i\000b\000e\000r\000\040\000B\000a\000c\000k\000b\000o\000n\000e}{section.69}% 57
\BOOKMARK [1][-]{section.71}{\376\377\0006\000.\0002\000\040\000C\000h\000a\000l\000l\000e\000n\000g\000e\000s}{chapter.68}% 58
\BOOKMARK [1][-]{section.72}{\376\377\0006\000.\0003\000\040\000C\000l\000o\000u\000d\000\040\000C\000o\000m\000p\000u\000t\000i\000n\000g\000\040\000I\000n\000\040\000A\000f\000g\000h\000a\000n\000i\000s\000t\000a\000n}{chapter.68}% 59
\BOOKMARK [0][-]{chapter.73}{\376\377\0007\000\040\000C\000o\000n\000c\000l\000u\000s\000i\000o\000n\000s}{}% 60
\BOOKMARK [1][-]{section.74}{\376\377\0007\000.\0001\000\040\000C\000o\000n\000c\000l\000u\000s\000i\000o\000n\000s}{chapter.73}% 61
\BOOKMARK [1][-]{section.75}{\376\377\0007\000.\0002\000\040\000F\000u\000t\000u\000r\000e\000\040\000W\000o\000r\000k}{chapter.73}% 62
\BOOKMARK [0][-]{dummy.76}{\376\377\000B\000i\000b\000l\000i\000o\000g\000r\000a\000p\000h\000y}{}% 63
