This is pdfTeX, Version 3.1415926-2.4-1.40.13 (TeX Live 2012/Debian) (format=pdflatex 2013.3.21)  6 NOV 2013 02:42
entering extended mode
 restricted \write18 enabled.
 %&-line parsing enabled.
**main.tex
(./main.tex
LaTeX2e <2011/06/27>
Babel <v3.8m> and hyphenation patterns for english, dumylang, nohyphenation, et
hiopic, farsi, arabic, pinyin, croatian, bulgarian, ukrainian, russian, slovak,
 czech, danish, dutch, usenglishmax, ukenglish, finnish, french, basque, ngerma
n, german, swissgerman, ngerman-x-2012-05-30, german-x-2012-05-30, monogreek, g
reek, ibycus, ancientgreek, hungarian, bengali, tamil, hindi, telugu, gujarati,
 sanskrit, malayalam, kannada, assamese, marathi, oriya, panjabi, italian, lati
n, latvian, lithuanian, mongolian, mongolianlmc, nynorsk, bokmal, indonesian, e
speranto, coptic, welsh, irish, interlingua, serbian, serbianc, slovenian, friu
lan, romansh, estonian, romanian, armenian, uppersorbian, turkish, afrikaans, i
celandic, kurmanji, polish, portuguese, galician, catalan, spanish, swedish, th
ai, loaded.
(./Thesis.cls
Document Class: Thesis 2007/22/02 v1.0 LaTeX document class
(/usr/share/texlive/texmf-dist/tex/latex/base/book.cls
Document Class: book 2007/10/19 v1.4h Standard LaTeX document class
(/usr/share/texlive/texmf-dist/tex/latex/base/bk11.clo
File: bk11.clo 2007/10/19 v1.4h Standard LaTeX file (size option)
)
\c@part=\count79
\c@chapter=\count80
\c@section=\count81
\c@subsection=\count82
\c@subsubsection=\count83
\c@paragraph=\count84
\c@subparagraph=\count85
\c@figure=\count86
\c@table=\count87
\abovecaptionskip=\skip41
\belowcaptionskip=\skip42
\bibindent=\dimen102
)
(/usr/share/texlive/texmf-dist/tex/latex/setspace/setspace.sty
Package: setspace 2011/12/19 v6.7a set line spacing
)
(/usr/share/texlive/texmf-dist/tex/latex/vmargin/vmargin.sty
Package: vmargin 2004/07/15 V2.5 set document margins (VK)

Package: vmargin 2004/07/15 V2.5 set document margins (VK)
\PaperWidth=\dimen103
\PaperHeight=\dimen104
) (/usr/share/texlive/texmf-dist/tex/latex/fancyhdr/fancyhdr.sty
\fancy@headwidth=\skip43
\f@ncyO@elh=\skip44
\f@ncyO@erh=\skip45
\f@ncyO@olh=\skip46
\f@ncyO@orh=\skip47
\f@ncyO@elf=\skip48
\f@ncyO@erf=\skip49
\f@ncyO@olf=\skip50
\f@ncyO@orf=\skip51
)
(/usr/share/texlive/texmf-dist/tex/latex/amsmath/amsmath.sty
Package: amsmath 2000/07/18 v2.13 AMS math features
\@mathmargin=\skip52

For additional information on amsmath, use the `?' option.
(/usr/share/texlive/texmf-dist/tex/latex/amsmath/amstext.sty
Package: amstext 2000/06/29 v2.01

(/usr/share/texlive/texmf-dist/tex/latex/amsmath/amsgen.sty
File: amsgen.sty 1999/11/30 v2.0
\@emptytoks=\toks14
\ex@=\dimen105
))
(/usr/share/texlive/texmf-dist/tex/latex/amsmath/amsbsy.sty
Package: amsbsy 1999/11/29 v1.2d
\pmbraise@=\dimen106
)
(/usr/share/texlive/texmf-dist/tex/latex/amsmath/amsopn.sty
Package: amsopn 1999/12/14 v2.01 operator names
)
\inf@bad=\count88
LaTeX Info: Redefining \frac on input line 211.
\uproot@=\count89
\leftroot@=\count90
LaTeX Info: Redefining \overline on input line 307.
\classnum@=\count91
\DOTSCASE@=\count92
LaTeX Info: Redefining \ldots on input line 379.
LaTeX Info: Redefining \dots on input line 382.
LaTeX Info: Redefining \cdots on input line 467.
\Mathstrutbox@=\box26
\strutbox@=\box27
\big@size=\dimen107
LaTeX Font Info:    Redeclaring font encoding OML on input line 567.
LaTeX Font Info:    Redeclaring font encoding OMS on input line 568.
\macc@depth=\count93
\c@MaxMatrixCols=\count94
\dotsspace@=\muskip10
\c@parentequation=\count95
\dspbrk@lvl=\count96
\tag@help=\toks15
\row@=\count97
\column@=\count98
\maxfields@=\count99
\andhelp@=\toks16
\eqnshift@=\dimen108
\alignsep@=\dimen109
\tagshift@=\dimen110
\tagwidth@=\dimen111
\totwidth@=\dimen112
\lineht@=\dimen113
\@envbody=\toks17
\multlinegap=\skip53
\multlinetaggap=\skip54
\mathdisplay@stack=\toks18
LaTeX Info: Redefining \[ on input line 2666.
LaTeX Info: Redefining \] on input line 2667.
)
(/usr/share/texlive/texmf-dist/tex/latex/amsfonts/amsfonts.sty
Package: amsfonts 2009/06/22 v3.00 Basic AMSFonts support
\symAMSa=\mathgroup4
\symAMSb=\mathgroup5
LaTeX Font Info:    Overwriting math alphabet `\mathfrak' in version `bold'
(Font)                  U/euf/m/n --> U/euf/b/n on input line 96.
)
(/usr/share/texlive/texmf-dist/tex/latex/amsfonts/amssymb.sty
Package: amssymb 2009/06/22 v3.00
)
(/usr/share/texlive/texmf-dist/tex/latex/amsmath/amscd.sty
Package: amscd 1999/11/29 v1.2d
\athelp@=\toks19
\minaw@=\dimen114
\bigaw@=\dimen115
\minCDarrowwidth=\dimen116
)
(/usr/share/texlive/texmf-dist/tex/latex/amscls/amsthm.sty
Package: amsthm 2009/07/02 v2.20.1
\thm@style=\toks20
\thm@bodyfont=\toks21
\thm@headfont=\toks22
\thm@notefont=\toks23
\thm@headpunct=\toks24
\thm@preskip=\skip55
\thm@postskip=\skip56
\thm@headsep=\skip57
\dth@everypar=\toks25
)
(/usr/share/texlive/texmf-dist/tex/latex/tools/xspace.sty
Package: xspace 2009/10/20 v1.13 Space after command names (DPC,MH)
)
\c@example=\count100
\c@theorem=\count101

(/usr/share/texlive/texmf-dist/tex/latex/caption/caption.sty
Package: caption 2012/02/19 v3.2f Customizing captions (AR)

(/usr/share/texlive/texmf-dist/tex/latex/caption/caption3.sty
Package: caption3 2012/01/12 v1.4b caption3 kernel (AR)

(/usr/share/texlive/texmf-dist/tex/latex/graphics/keyval.sty
Package: keyval 1999/03/16 v1.13 key=value parser (DPC)
\KV@toks@=\toks26
)
\captionmargin=\dimen117
\captionmargin@=\dimen118
\captionwidth=\dimen119
\caption@indent=\dimen120
\caption@parindent=\dimen121
\caption@hangindent=\dimen122
)
\c@ContinuedFloat=\count102
)
(/usr/share/texlive/texmf-dist/tex/latex/graphics/graphicx.sty
Package: graphicx 1999/02/16 v1.0f Enhanced LaTeX Graphics (DPC,SPQR)

(/usr/share/texlive/texmf-dist/tex/latex/graphics/graphics.sty
Package: graphics 2009/02/05 v1.0o Standard LaTeX Graphics (DPC,SPQR)

(/usr/share/texlive/texmf-dist/tex/latex/graphics/trig.sty
Package: trig 1999/03/16 v1.09 sin cos tan (DPC)
)
(/usr/share/texlive/texmf-dist/tex/latex/latexconfig/graphics.cfg
File: graphics.cfg 2010/04/23 v1.9 graphics configuration of TeX Live
)
Package graphics Info: Driver file: pdftex.def on input line 91.

(/usr/share/texlive/texmf-dist/tex/latex/pdftex-def/pdftex.def
File: pdftex.def 2011/05/27 v0.06d Graphics/color for pdfTeX

(/usr/share/texlive/texmf-dist/tex/generic/oberdiek/infwarerr.sty
Package: infwarerr 2010/04/08 v1.3 Providing info/warning/error messages (HO)
)
(/usr/share/texlive/texmf-dist/tex/generic/oberdiek/ltxcmds.sty
Package: ltxcmds 2011/11/09 v1.22 LaTeX kernel commands for general use (HO)
)
\Gread@gobject=\count103
))
\Gin@req@height=\dimen123
\Gin@req@width=\dimen124
)
(/usr/share/texlive/texmf-dist/tex/latex/oberdiek/epstopdf.sty
Package: epstopdf 2010/02/09 v2.5 Conversion with epstopdf on the fly (HO)

(/usr/share/texlive/texmf-dist/tex/latex/oberdiek/epstopdf-base.sty
Package: epstopdf-base 2010/02/09 v2.5 Base part for package epstopdf

(/usr/share/texlive/texmf-dist/tex/latex/oberdiek/grfext.sty
Package: grfext 2010/08/19 v1.1 Manage graphics extensions (HO)

(/usr/share/texlive/texmf-dist/tex/generic/oberdiek/kvdefinekeys.sty
Package: kvdefinekeys 2011/04/07 v1.3 Define keys (HO)
))
(/usr/share/texlive/texmf-dist/tex/latex/oberdiek/kvoptions.sty
Package: kvoptions 2011/06/30 v3.11 Key value format for package options (HO)

(/usr/share/texlive/texmf-dist/tex/generic/oberdiek/kvsetkeys.sty
Package: kvsetkeys 2012/04/25 v1.16 Key value parser (HO)

(/usr/share/texlive/texmf-dist/tex/generic/oberdiek/etexcmds.sty
Package: etexcmds 2011/02/16 v1.5 Avoid name clashes with e-TeX commands (HO)

(/usr/share/texlive/texmf-dist/tex/generic/oberdiek/ifluatex.sty
Package: ifluatex 2010/03/01 v1.3 Provides the ifluatex switch (HO)
Package ifluatex Info: LuaTeX not detected.
)
Package etexcmds Info: Could not find \expanded.
(etexcmds)             That can mean that you are not using pdfTeX 1.50 or
(etexcmds)             that some package has redefined \expanded.
(etexcmds)             In the latter case, load this package earlier.
)))
(/usr/share/texlive/texmf-dist/tex/generic/oberdiek/pdftexcmds.sty
Package: pdftexcmds 2011/11/29 v0.20 Utility functions of pdfTeX for LuaTeX (HO
)

(/usr/share/texlive/texmf-dist/tex/generic/oberdiek/ifpdf.sty
Package: ifpdf 2011/01/30 v2.3 Provides the ifpdf switch (HO)
Package ifpdf Info: pdfTeX in PDF mode is detected.
)
Package pdftexcmds Info: LuaTeX not detected.
Package pdftexcmds Info: \pdf@primitive is available.
Package pdftexcmds Info: \pdf@ifprimitive is available.
Package pdftexcmds Info: \pdfdraftmode found.
)
Package grfext Info: Graphics extension search list:
(grfext)             [.png,.pdf,.jpg,.mps,.jpeg,.jbig2,.jb2,.PNG,.PDF,.JPG,.JPE
G,.JBIG2,.JB2,.eps]
(grfext)             \AppendGraphicsExtensions on input line 452.

(/usr/share/texlive/texmf-dist/tex/latex/latexconfig/epstopdf-sys.cfg
File: epstopdf-sys.cfg 2010/07/13 v1.3 Configuration of (r)epstopdf for TeX Liv
e
)))
(/usr/share/texlive/texmf-dist/tex/latex/subfigure/subfigure.sty
Package: subfigure 2002/03/15 v2.1.5 subfigure package
\subfigtopskip=\skip58
\subfigcapskip=\skip59
\subfigcaptopadj=\dimen125
\subfigbottomskip=\skip60
\subfigcapmargin=\dimen126
\subfiglabelskip=\skip61
\c@subfigure=\count104
\c@lofdepth=\count105
\c@subtable=\count106
\c@lotdepth=\count107

****************************************
* Local config file subfigure.cfg used *
****************************************
(/usr/share/texlive/texmf-dist/tex/latex/subfigure/subfigure.cfg)
\subfig@top=\skip62
\subfig@bottom=\skip63
)
(/usr/share/texlive/texmf-dist/tex/latex/booktabs/booktabs.sty
Package: booktabs 2005/04/14 v1.61803 publication quality tables
\heavyrulewidth=\dimen127
\lightrulewidth=\dimen128
\cmidrulewidth=\dimen129
\belowrulesep=\dimen130
\belowbottomsep=\dimen131
\aboverulesep=\dimen132
\abovetopsep=\dimen133
\cmidrulesep=\dimen134
\cmidrulekern=\dimen135
\defaultaddspace=\dimen136
\@cmidla=\count108
\@cmidlb=\count109
\@aboverulesep=\dimen137
\@belowrulesep=\dimen138
\@thisruleclass=\count110
\@lastruleclass=\count111
\@thisrulewidth=\dimen139
)
(/usr/share/texlive/texmf-dist/tex/latex/rotating/rotating.sty
Package: rotating 2009/03/28 v2.16a rotated objects in LaTeX

(/usr/share/texlive/texmf-dist/tex/latex/base/ifthen.sty
Package: ifthen 2001/05/26 v1.1c Standard LaTeX ifthen package (DPC)
)
\c@r@tfl@t=\count112
\rotFPtop=\skip64
\rotFPbot=\skip65
\rot@float@box=\box28
\rot@mess@toks=\toks27
)
(/usr/share/texlive/texmf-dist/tex/latex/listings/listings.sty
\lst@mode=\count113
\lst@gtempboxa=\box29
\lst@token=\toks28
\lst@length=\count114
\lst@currlwidth=\dimen140
\lst@column=\count115
\lst@pos=\count116
\lst@lostspace=\dimen141
\lst@width=\dimen142
\lst@newlines=\count117
\lst@lineno=\count118
\lst@maxwidth=\dimen143
 (./lstpatch.sty

***
*** This is a patch for listings 1.3, but you're using
*** version 1.4.
***
*** Patch file not loaded.
***

) (/usr/share/texlive/texmf-dist/tex/latex/listings/lstmisc.sty
File: lstmisc.sty 2007/02/22 1.4 (Carsten Heinz)
\c@lstnumber=\count119
\lst@skipnumbers=\count120
\lst@framebox=\box30
)
(/usr/share/texlive/texmf-dist/tex/latex/listings/listings.cfg
File: listings.cfg 2007/02/22 1.4 listings configuration
))
Package: listings 2007/02/22 1.4 (Carsten Heinz)

(./lstpatch.sty

***
*** This is a patch for listings 1.3, but you're using
*** version 1.4.
***
 *** Patch file not loaded.
***

) (/usr/share/texlive/texmf-dist/tex/latex/hyperref/hyperref.sty
Package: hyperref 2012/05/13 v6.82q Hypertext links for LaTeX

(/usr/share/texlive/texmf-dist/tex/generic/oberdiek/hobsub-hyperref.sty
Package: hobsub-hyperref 2012/05/28 v1.13 Bundle oberdiek, subset hyperref (HO)


(/usr/share/texlive/texmf-dist/tex/generic/oberdiek/hobsub-generic.sty
Package: hobsub-generic 2012/05/28 v1.13 Bundle oberdiek, subset generic (HO)
Package: hobsub 2012/05/28 v1.13 Construct package bundles (HO)
Package hobsub Info: Skipping package `infwarerr' (already loaded).
Package hobsub Info: Skipping package `ltxcmds' (already loaded).
Package hobsub Info: Skipping package `ifluatex' (already loaded).
Package: ifvtex 2010/03/01 v1.5 Detect VTeX and its facilities (HO)
Package ifvtex Info: VTeX not detected.
Package: intcalc 2007/09/27 v1.1 Expandable calculations with integers (HO)
Package hobsub Info: Skipping package `ifpdf' (already loaded).
Package hobsub Info: Skipping package `etexcmds' (already loaded).
Package hobsub Info: Skipping package `kvsetkeys' (already loaded).
Package hobsub Info: Skipping package `kvdefinekeys' (already loaded).
Package hobsub Info: Skipping package `pdftexcmds' (already loaded).
Package: pdfescape 2011/11/25 v1.13 Implements pdfTeX's escape features (HO)
Package: bigintcalc 2012/04/08 v1.3 Expandable calculations on big integers (HO
)
Package: bitset 2011/01/30 v1.1 Handle bit-vector datatype (HO)
Package: uniquecounter 2011/01/30 v1.2 Provide unlimited unique counter (HO)
)
Package hobsub Info: Skipping package `hobsub' (already loaded).
Package: letltxmacro 2010/09/02 v1.4 Let assignment for LaTeX macros (HO)
Package: hopatch 2012/05/28 v1.2 Wrapper for package hooks (HO)
Package: xcolor-patch 2011/01/30 xcolor patch
Package: atveryend 2011/06/30 v1.8 Hooks at the very end of document (HO)
Package atveryend Info: \enddocument detected (standard20110627).
Package: atbegshi 2011/10/05 v1.16 At begin shipout hook (HO)
Package: refcount 2011/10/16 v3.4 Data extraction from label references (HO)
Package: hycolor 2011/01/30 v1.7 Color options for hyperref/bookmark (HO)
)
(/usr/share/texlive/texmf-dist/tex/generic/ifxetex/ifxetex.sty
Package: ifxetex 2010/09/12 v0.6 Provides ifxetex conditional
)
\@linkdim=\dimen144
\Hy@linkcounter=\count121
\Hy@pagecounter=\count122

(/usr/share/texlive/texmf-dist/tex/latex/hyperref/pd1enc.def
File: pd1enc.def 2012/05/13 v6.82q Hyperref: PDFDocEncoding definition (HO)
)
\Hy@SavedSpaceFactor=\count123

(/usr/share/texlive/texmf-dist/tex/latex/latexconfig/hyperref.cfg
File: hyperref.cfg 2002/06/06 v1.2 hyperref configuration of TeXLive
)
Package hyperref Info: Option `bookmarks' set `true' on input line 3941.
Package hyperref Info: Option `bookmarksopen' set `true' on input line 3941.
Package hyperref Info: Option `bookmarksnumbered' set `true' on input line 3941
.
Package hyperref Info: Option `hypertexnames' set `false' on input line 3941.
Package hyperref Info: Option `colorlinks' set `true' on input line 3941.
Package hyperref Info: Option `unicode' set `true' on input line 3941.

(/usr/share/texlive/texmf-dist/tex/latex/hyperref/puenc.def
File: puenc.def 2012/05/13 v6.82q Hyperref: PDF Unicode definition (HO)
)
Package hyperref Info: Option `breaklinks' set `true' on input line 3941.
Package hyperref Info: Hyper figures OFF on input line 4062.
Package hyperref Info: Link nesting OFF on input line 4067.
Package hyperref Info: Hyper index ON on input line 4070.
Package hyperref Info: Plain pages OFF on input line 4077.
Package hyperref Info: Backreferencing OFF on input line 4082.
Package hyperref Info: Implicit mode ON; LaTeX internals redefined.
Package hyperref Info: Bookmarks ON on input line 4300.
\c@Hy@tempcnt=\count124

(/usr/share/texlive/texmf-dist/tex/latex/url/url.sty
\Urlmuskip=\muskip11
Package: url 2006/04/12  ver 3.3  Verb mode for urls, etc.
)
LaTeX Info: Redefining \url on input line 4653.
\Fld@menulength=\count125
\Field@Width=\dimen145
\Fld@charsize=\dimen146
Package hyperref Info: Hyper figures OFF on input line 5773.
Package hyperref Info: Link nesting OFF on input line 5778.
Package hyperref Info: Hyper index ON on input line 5781.
Package hyperref Info: backreferencing OFF on input line 5788.
Package hyperref Info: Link coloring ON on input line 5791.
Package hyperref Info: Link coloring with OCG OFF on input line 5798.
Package hyperref Info: PDF/A mode OFF on input line 5803.
LaTeX Info: Redefining \ref on input line 5843.
LaTeX Info: Redefining \pageref on input line 5847.
\Hy@abspage=\count126
\c@Item=\count127
\c@Hfootnote=\count128
)

Package hyperref Message: Driver (autodetected): hpdftex.

(/usr/share/texlive/texmf-dist/tex/latex/hyperref/hpdftex.def
File: hpdftex.def 2012/05/13 v6.82q Hyperref driver for pdfTeX
\Fld@listcount=\count129
\c@bookmark@seq@number=\count130

(/usr/share/texlive/texmf-dist/tex/latex/oberdiek/rerunfilecheck.sty
Package: rerunfilecheck 2011/04/15 v1.7 Rerun checks for auxiliary files (HO)
Package uniquecounter Info: New unique counter `rerunfilecheck' on input line 2
82.
)
\Hy@SectionHShift=\skip66
)
\c@dummy=\count131

(/usr/share/texlive/texmf-dist/tex/latex/tools/longtable.sty
Package: longtable 2004/02/01 v4.11 Multi-page Table package (DPC)
\LTleft=\skip67
\LTright=\skip68
\LTpre=\skip69
\LTpost=\skip70
\LTchunksize=\count132
\LTcapwidth=\dimen147
\LT@head=\box31
\LT@firsthead=\box32
\LT@foot=\box33
\LT@lastfoot=\box34
\LT@cols=\count133
\LT@rows=\count134
\c@LT@tables=\count135
\c@LT@chunks=\count136
\LT@p@ftn=\toks29
))
(/usr/share/texlive/texmf-dist/tex/latex/natbib/natbib.sty
Package: natbib 2010/09/13 8.31b (PWD, AO)
\bibhang=\skip71
\bibsep=\skip72
LaTeX Info: Redefining \cite on input line 694.
\c@NAT@ctr=\count137
)
Package hyperref Info: Option `colorlinks' set `true' on input line 34.
 (./main.aux)
\openout1 = `main.aux'.

LaTeX Font Info:    Checking defaults for OML/cmm/m/it on input line 37.
LaTeX Font Info:    ... okay on input line 37.
LaTeX Font Info:    Checking defaults for T1/cmr/m/n on input line 37.
LaTeX Font Info:    ... okay on input line 37.
LaTeX Font Info:    Checking defaults for OT1/cmr/m/n on input line 37.
LaTeX Font Info:    ... okay on input line 37.
LaTeX Font Info:    Checking defaults for OMS/cmsy/m/n on input line 37.
LaTeX Font Info:    ... okay on input line 37.
LaTeX Font Info:    Checking defaults for OMX/cmex/m/n on input line 37.
LaTeX Font Info:    ... okay on input line 37.
LaTeX Font Info:    Checking defaults for U/cmr/m/n on input line 37.
LaTeX Font Info:    ... okay on input line 37.
LaTeX Font Info:    Checking defaults for PD1/pdf/m/n on input line 37.
LaTeX Font Info:    ... okay on input line 37.
LaTeX Font Info:    Checking defaults for PU/pdf/m/n on input line 37.
LaTeX Font Info:    ... okay on input line 37.
Package caption Info: Begin \AtBeginDocument code.
Package caption Info: hyperref package is loaded.
Package caption Info: listings package is loaded.
Package caption Info: longtable package is loaded.

(/usr/share/texlive/texmf-dist/tex/latex/caption/ltcaption.sty
Package: ltcaption 2011/09/12 v1.3 longtable captions (AR)
)
Package caption Info: rotating package is loaded.
Package caption Info: subfigure package is loaded.
Package caption Info: End \AtBeginDocument code.

(/usr/share/texlive/texmf-dist/tex/context/base/supp-pdf.mkii
[Loading MPS to PDF converter (version 2006.09.02).]
\scratchcounter=\count138
\scratchdimen=\dimen148
\scratchbox=\box35
\nofMPsegments=\count139
\nofMParguments=\count140
\everyMPshowfont=\toks30
\MPscratchCnt=\count141
\MPscratchDim=\dimen149
\MPnumerator=\count142
\makeMPintoPDFobject=\count143
\everyMPtoPDFconversion=\toks31
)
\c@lstlisting=\count144
\AtBeginShipoutBox=\box36
 (/usr/share/texlive/texmf-dist/tex/latex/graphics/color.sty
Package: color 2005/11/14 v1.0j Standard LaTeX Color (DPC)

(/usr/share/texlive/texmf-dist/tex/latex/latexconfig/color.cfg
File: color.cfg 2007/01/18 v1.5 color configuration of teTeX/TeXLive
)
Package color Info: Driver file: pdftex.def on input line 130.
)
Package hyperref Info: Link coloring ON on input line 37.

(/usr/share/texlive/texmf-dist/tex/latex/hyperref/nameref.sty
Package: nameref 2010/04/30 v2.40 Cross-referencing by name of section

(/usr/share/texlive/texmf-dist/tex/generic/oberdiek/gettitlestring.sty
Package: gettitlestring 2010/12/03 v1.4 Cleanup title references (HO)
)
\c@section@level=\count145
)
LaTeX Info: Redefining \ref on input line 37.
LaTeX Info: Redefining \pageref on input line 37.
LaTeX Info: Redefining \nameref on input line 37.

(./main.out) (./main.out)
\@outlinefile=\write3
\openout3 = `main.out'.

 <./Figures/tu.pdf, id=285, 150.5625pt x 112.42pt>
File: ./Figures/tu.pdf Graphic file (type pdf)

<use ./Figures/tu.pdf>
Package pdftex.def Info: ./Figures/tu.pdf used on input line 68.
(pdftex.def)             Requested size: 56.90648pt x 56.9063pt.

Underfull \hbox (badness 10000) in paragraph at lines 68--70

 []

LaTeX Font Info:    Try loading font information for U+msa on input line 85.
(/usr/share/texlive/texmf-dist/tex/latex/amsfonts/umsa.fd
File: umsa.fd 2009/06/22 v3.00 AMS symbols A
)
LaTeX Font Info:    Try loading font information for U+msb on input line 85.

(/usr/share/texlive/texmf-dist/tex/latex/amsfonts/umsb.fd
File: umsb.fd 2009/06/22 v3.00 AMS symbols B
) [1



{/var/lib/texmf/fonts/map/pdftex/updmap/pdftex.map} <./Figures/tu.pdf>]
------------------------------------------------------------------------------
 Declaration of Authorship
------------------------------------------------------------------------------
[1

] [2

]
------------------------------------------------------------------------------
 Abstract Page
------------------------------------------------------------------------------

Underfull \hbox (badness 10000) in paragraph at lines 154--155

 []

[3

]
Missing character: There is no √ in font cmr10!
Missing character: There is no ∂ in font cmr10!
Missing character: There is no √ in font cmr10!
Missing character: There is no ∂ in font cmr10!
Missing character: There is no √ in font cmr10!
Missing character: There is no § in font cmr10!
Missing character: There is no √ in font cmr10!
Missing character: There is no ∂ in font cmr10!
Missing character: There is no √ in font cmr10!
Missing character: There is no ü in font cmr10!
Missing character: There is no √ in font cmr10!
Missing character: There is no ü in font cmr10!
Missing character: There is no √ in font cmr10!
Missing character: There is no º in font cmr10!
Missing character: There is no √ in font cmr10!
Missing character: There is no § in font cmr10!
Missing character: There is no √ in font cmr10!
Missing character: There is no º in font cmr10!
Missing character: There is no √ in font cmr10!
Missing character: There is no § in font cmr10!
Missing character: There is no √ in font cmr10!
Missing character: There is no º in font cmr10!
Missing character: There is no √ in font cmr10!
Missing character: There is no ∂ in font cmr10!

Overfull \hbox (15.96489pt too wide) in paragraph at lines 173--184
[]\OT1/cmr/m/n/10.95 Die steigen-den Daten-men-gen Internet-basierter An-wen-du
n-gen ver-lan-gen neuar-tige Speicher-
 []


Underfull \hbox (badness 10000) in paragraph at lines 173--184

 []

Missing character: There is no √ in font cmr10!
Missing character: There is no º in font cmr10!
Missing character: There is no √ in font cmr10!
Missing character: There is no § in font cmr10!

Underfull \hbox (badness 10000) in paragraph at lines 185--193

 []

Missing character: There is no √ in font cmr10!
Missing character: There is no ∂ in font cmr10!
Missing character: There is no √ in font cmr10!
Missing character: There is no § in font cmr10!

Underfull \hbox (badness 10000) in paragraph at lines 194--201

 []

[4

]
------------------------------------------------------------------------------
 Acknowledgements
------------------------------------------------------------------------------
Missing character: There is no ‚ in font cmr10!
Missing character: There is no Ä in font cmr10!
Missing character: There is no å in font cmr10!
Missing character: There is no ‚ in font cmr10!
Missing character: There is no Ä in font cmr10!
Missing character: There is no å in font cmr10!
Missing character: There is no ‚ in font cmr10!
Missing character: There is no Ä in font cmr10!
Missing character: There is no å in font cmr10!
[5

]
------------------------------------------------------------------------------
 Table of Contents
------------------------------------------------------------------------------
(./main.toc [6


] [7])
\tf@toc=\write4
\openout4 = `main.toc'.

 [8]
------------------------------------------------------------------------------
 List of Figures
------------------------------------------------------------------------------
(./main.lof
Missing character: There is no ‚ in font cmr10!
Missing character: There is no Ä in font cmr10!
Missing character: There is no å in font cmr10!
Missing character: There is no ‚ in font cmr10!
Missing character: There is no Ä in font cmr10!
Missing character: There is no å in font cmr10!
Missing character: There is no ‚ in font cmr10!
Missing character: There is no Ä in font cmr10!
Missing character: There is no å in font cmr10!
Missing character: There is no ‚ in font cmr10!
Missing character: There is no Ä in font cmr10!
Missing character: There is no å in font cmr10!
Missing character: There is no ‚ in font cmr10!
Missing character: There is no Ä in font cmr10!
Missing character: There is no å in font cmr10!
Missing character: There is no ‚ in font cmr10!
Missing character: There is no Ä in font cmr10!
Missing character: There is no å in font cmr10!
Missing character: There is no ‚ in font cmr10!
Missing character: There is no Ä in font cmr10!
Missing character: There is no å in font cmr10!
Missing character: There is no ‚ in font cmr10!
Missing character: There is no Ä in font cmr10!
Missing character: There is no å in font cmr10!
)
\tf@lof=\write5
\openout5 = `main.lof'.

 [9


]
------------------------------------------------------------------------------
 Abbreviations
------------------------------------------------------------------------------
[10



]
------------------------------------------------------------------------------
 Dedicatory
------------------------------------------------------------------------------
[11




] (./Chapters/Chapter1.tex
Chapter 1.
------------------------------------------------------------------------------
 1 Introduction
------------------------------------------------------------------------------

Underfull \hbox (badness 10000) in paragraph at lines 15--16

 []


Underfull \hbox (badness 10000) in paragraph at lines 17--18

 []


Underfull \hbox (badness 10000) in paragraph at lines 19--20

 []

[1



]
Underfull \hbox (badness 10000) in paragraph at lines 24--25

 []


Underfull \hbox (badness 10000) in paragraph at lines 35--36

 []

[2]
Underfull \hbox (badness 10000) in paragraph at lines 37--38

 []

LaTeX Font Info:    Try loading font information for OMS+cmr on input line 46.
(/usr/share/texlive/texmf-dist/tex/latex/base/omscmr.fd
File: omscmr.fd 1999/05/25 v2.5h Standard LaTeX font definitions
)
LaTeX Font Info:    Font shape `OMS/cmr/m/n' in size <10.95> not available
(Font)              Font shape `OMS/cmsy/m/n' tried instead on input line 46.
)
(./Chapters/Chapter2.tex [3] [4]
Chapter 2.
------------------------------------------------------------------------------
 2 Background
------------------------------------------------------------------------------

Underfull \hbox (badness 10000) in paragraph at lines 12--13

 []


Underfull \hbox (badness 10000) in paragraph at lines 23--24

 []


Underfull \hbox (badness 10000) in paragraph at lines 25--26

 []

[5

] <./Figures/map-reduce.pdf, id=502, 694.77365pt x 168.61295pt>
File: ./Figures/map-reduce.pdf Graphic file (type pdf)

<use ./Figures/map-reduce.pdf>
Package pdftex.def Info: ./Figures/map-reduce.pdf used on input line 34.
(pdftex.def)             Requested size: 417.48228pt x 101.31775pt.

Underfull \hbox (badness 10000) in paragraph at lines 45--46

 []

[6 <./Figures/map-reduce.pdf>]
Underfull \hbox (badness 10000) in paragraph at lines 47--48

 []


Underfull \hbox (badness 10000) in paragraph at lines 49--50

 []


Underfull \hbox (badness 10000) in paragraph at lines 51--52

 []


Underfull \hbox (badness 10000) in paragraph at lines 53--54

 []

Missing character: There is no ‚ in font cmr10!
Missing character: There is no Ä in font cmr10!
Missing character: There is no å in font cmr10!

Underfull \hbox (badness 10000) in paragraph at lines 59--60

 []

[7]
Missing character: There is no ‚ in font cmr10!
Missing character: There is no Ä in font cmr10!
Missing character: There is no ú in font cmr10!
Missing character: There is no ‚ in font cmr10!
Missing character: There is no Ä in font cmr10!
Missing character: There is no ù in font cmr10!
Missing character: There is no ‚ in font cmr10!
Missing character: There is no Ä in font cmr10!
Missing character: There is no å in font cmr10!
Missing character: There is no ‚ in font cmr10!
Missing character: There is no Ä in font cmr10!
Missing character: There is no ú in font cmr10!
Missing character: There is no ‚ in font cmr10!
Missing character: There is no Ä in font cmr10!
Missing character: There is no ù in font cmr10!
Missing character: There is no ‚ in font cmr10!
Missing character: There is no Ä in font cmr10!
Missing character: There is no å in font cmr10!

Underfull \hbox (badness 10000) in paragraph at lines 73--74

 []

Missing character: There is no ‚ in font cmr10!
Missing character: There is no Ä in font cmr10!
Missing character: There is no å in font cmr10!
Missing character: There is no ‚ in font cmr10!
Missing character: There is no Ä in font cmr10!
Missing character: There is no å in font cmr10!
[8]
Underfull \hbox (badness 10000) in paragraph at lines 83--84

 []


Underfull \hbox (badness 10000) in paragraph at lines 85--86

 []


Underfull \hbox (badness 10000) in paragraph at lines 94--95

 []

[9]
Missing character: There is no ‚ in font cmr10!
Missing character: There is no Ä in font cmr10!
Missing character: There is no å in font cmr10!

Underfull \hbox (badness 10000) in paragraph at lines 96--97

 []

[10]

Package hyperref Warning: Difference (2) between bookmark levels is greater 
(hyperref)                than one, level fixed on input line 133.

Missing character: There is no ‚ in font cmr10!
Missing character: There is no Ä in font cmr10!
Missing character: There is no å in font cmr10!
<./Figures/mrv1.pdf, id=538, 517.12798pt x 429.05794pt>
File: ./Figures/mrv1.pdf Graphic file (type pdf)

<use ./Figures/mrv1.pdf>
Package pdftex.def Info: ./Figures/mrv1.pdf used on input line 146.
(pdftex.def)             Requested size: 284.52383pt x 284.54086pt.
Missing character: There is no ‚ in font cmr10!
Missing character: There is no Ä in font cmr10!
Missing character: There is no ù in font cmr10!
Missing character: There is no ‚ in font cmr10!
Missing character: There is no Ä in font cmr10!
Missing character: There is no ú in font cmr10!
Missing character: There is no ‚ in font cmr10!
Missing character: There is no Ä in font cmr10!
Missing character: There is no ù in font cmr10!

Underfull \hbox (badness 10000) in paragraph at lines 154--156

 []


Underfull \hbox (badness 10000) in paragraph at lines 157--158

 []

[11]
Missing character: There is no ‚ in font cmr10!
Missing character: There is no Ä in font cmr10!
Missing character: There is no å in font cmr10!

Underfull \hbox (badness 10000) in paragraph at lines 180--181

 []

Missing character: There is no ‚ in font cmr10!
Missing character: There is no Ä in font cmr10!
Missing character: There is no å in font cmr10!

Underfull \hbox (badness 10000) in paragraph at lines 182--183

 []

<./Figures/yarn.pdf, id=546, 329.73187pt x 241.65282pt>
File: ./Figures/yarn.pdf Graphic file (type pdf)

<use ./Figures/yarn.pdf>
Package pdftex.def Info: ./Figures/yarn.pdf used on input line 186.
(pdftex.def)             Requested size: 284.5349pt x 284.55788pt.
Missing character: There is no ‚ in font cmr10!
Missing character: There is no Ä in font cmr10!
Missing character: There is no å in font cmr10!
Missing character: There is no ‚ in font cmr10!
Missing character: There is no Ä in font cmr10!
Missing character: There is no å in font cmr10!

Overfull \hbox (15.26538pt too wide) in paragraph at lines 192--193
[]\OT1/cmr/m/n/10.95 As il-lus-trated in fig-ure [][]2.3[][], there is sin-gle 
re-source man-ager and per-application applications-
 []


Underfull \hbox (badness 10000) in paragraph at lines 192--193

 []

[12 <./Figures/mrv1.pdf>]
Underfull \hbox (badness 10000) in paragraph at lines 196--197

 []


Underfull \hbox (badness 10000) in paragraph at lines 198--199

 []

[13 <./Figures/yarn.pdf>]
Missing character: There is no ‚ in font cmr10!
Missing character: There is no Ä in font cmr10!
Missing character: There is no å in font cmr10!
Missing character: There is no ‚ in font cmr10!
Missing character: There is no Ä in font cmr10!
Missing character: There is no å in font cmr10!

Underfull \hbox (badness 10000) in paragraph at lines 218--219

 []


Underfull \hbox (badness 10000) in paragraph at lines 221--225

 []

[14]
Missing character: There is no ‚ in font cmr10!
Missing character: There is no Ä in font cmr10!
Missing character: There is no å in font cmr10!

Underfull \hbox (badness 10000) in paragraph at lines 228--229

 []

) (./Chapters/Chapter3.tex [15]
Chapter 3.
------------------------------------------------------------------------------
 3 Hadoop Optimizations
------------------------------------------------------------------------------

Underfull \hbox (badness 10000) in paragraph at lines 20--21

 []


Underfull \hbox (badness 10000) in paragraph at lines 22--23

 []

[16

]
Underfull \hbox (badness 10000) in paragraph at lines 24--25

 []

[17]
Underfull \hbox (badness 10000) in paragraph at lines 57--58

 []


Underfull \hbox (badness 10000) in paragraph at lines 60--61

 []

[18]
Underfull \hbox (badness 10000) in paragraph at lines 91--92

 []

[19]
Missing character: There is no ‚ in font cmr10!
Missing character: There is no Ä in font cmr10!
Missing character: There is no å in font cmr10!

Underfull \hbox (badness 10000) in paragraph at lines 113--114

 []

Missing character: There is no ‚ in font cmr10!
Missing character: There is no Ä in font cmr10!
Missing character: There is no å in font cmr10!
Missing character: There is no ‚ in font cmr10!
Missing character: There is no Ä in font cmr10!
Missing character: There is no å in font cmr10!

Underfull \hbox (badness 10000) in paragraph at lines 115--116

 []

Missing character: There is no ‚ in font cmr10!
Missing character: There is no Ä in font cmr10!
Missing character: There is no å in font cmr10!
Missing character: There is no ‚ in font cmr10!
Missing character: There is no Ä in font cmr10!
Missing character: There is no å in font cmr10!
Missing character: There is no ‚ in font cmr10!
Missing character: There is no Ä in font cmr10!
Missing character: There is no å in font cmr10!

Underfull \hbox (badness 10000) in paragraph at lines 120--121

 []


Underfull \hbox (badness 10000) in paragraph at lines 122--123

 []

[20]
Underfull \hbox (badness 10000) in paragraph at lines 124--125

 []

Missing character: There is no ‚ in font cmr10!
Missing character: There is no Ä in font cmr10!
Missing character: There is no å in font cmr10!
[21]) (./Chapters/Chapter4.tex [22]
Chapter 4.
------------------------------------------------------------------------------
 4 Methodology 
------------------------------------------------------------------------------

Underfull \hbox (badness 10000) in paragraph at lines 15--16

 []

Missing character: There is no ‚ in font cmr10!
Missing character: There is no Ä in font cmr10!
Missing character: There is no å in font cmr10!

Underfull \hbox (badness 10000) in paragraph at lines 22--23

 []

[23

]
Underfull \hbox (badness 10000) in paragraph at lines 24--25

 []


Underfull \hbox (badness 10000) in paragraph at lines 32--33

 []


Underfull \hbox (badness 10000) in paragraph at lines 34--35

 []


Underfull \hbox (badness 10000) in paragraph at lines 36--37

 []

[24]
Underfull \hbox (badness 10000) in paragraph at lines 38--39

 []


Underfull \hbox (badness 10000) in paragraph at lines 40--41

 []

Missing character: There is no ‚ in font cmr10!
Missing character: There is no Ä in font cmr10!
Missing character: There is no å in font cmr10!

Underfull \hbox (badness 10000) in paragraph at lines 50--51

 []

[25]
Underfull \hbox (badness 10000) in paragraph at lines 54--55

 []


Underfull \hbox (badness 10000) in paragraph at lines 56--57

 []


Underfull \hbox (badness 10000) in paragraph at lines 58--59

 []


Underfull \hbox (badness 10000) in paragraph at lines 62--63

 []


Underfull \hbox (badness 10000) in paragraph at lines 65--66

 []

[26] [27]
Underfull \hbox (badness 10000) in paragraph at lines 109--110

 []

) (./Chapters/Chapter5.tex [28]
Chapter 5.
------------------------------------------------------------------------------
 5 Evaluation
------------------------------------------------------------------------------

Underfull \hbox (badness 10000) in paragraph at lines 26--27

 []

[29

]
Missing character: There is no ‚ in font cmr10!
Missing character: There is no Ä in font cmr10!
Missing character: There is no å in font cmr10!

Underfull \hbox (badness 10000) in paragraph at lines 33--34

 []


Underfull \hbox (badness 10000) in paragraph at lines 35--36

 []


Underfull \hbox (badness 10000) in paragraph at lines 40--41

 []

<./Figures/exp_1_mean.pdf, id=656, 794.97pt x 578.16pt>
File: ./Figures/exp_1_mean.pdf Graphic file (type pdf)

<use ./Figures/exp_1_mean.pdf>
Package pdftex.def Info: ./Figures/exp_1_mean.pdf used on input line 45.
(pdftex.def)             Requested size: 417.4868pt x 303.62677pt.

Underfull \hbox (badness 10000) in paragraph at lines 52--53

 []

[30]
Underfull \hbox (badness 10000) in paragraph at lines 54--55

 []

[31 <./Figures/exp_1_mean.pdf>]
Underfull \hbox (badness 10000) in paragraph at lines 57--58

 []


Underfull \hbox (badness 10000) in paragraph at lines 59--60

 []


Underfull \hbox (badness 10000) in paragraph at lines 62--63

 []

Missing character: There is no ‚ in font cmr10!
Missing character: There is no Ä in font cmr10!
Missing character: There is no å in font cmr10!
[32]
Underfull \hbox (badness 10000) in paragraph at lines 71--72

 []

<./Figures/exp1_cpu_cpt.pdf, id=680, 633.8019pt x 373.35585pt>
File: ./Figures/exp1_cpu_cpt.pdf Graphic file (type pdf)

<use ./Figures/exp1_cpu_cpt.pdf>
Package pdftex.def Info: ./Figures/exp1_cpu_cpt.pdf used on input line 75.
(pdftex.def)             Requested size: 417.47884pt x 245.92567pt.
Missing character: There is no ‚ in font cmr10!
Missing character: There is no Ä in font cmr10!
Missing character: There is no å in font cmr10!
Missing character: There is no ‚ in font cmr10!
Missing character: There is no Ä in font cmr10!
Missing character: There is no å in font cmr10!
 [33 <./Figures/exp1_cpu_cpt.pdf>]
<./Figures/exp1_cpu_fst.pdf, id=692, 633.8019pt x 376.3671pt>
File: ./Figures/exp1_cpu_fst.pdf Graphic file (type pdf)

<use ./Figures/exp1_cpu_fst.pdf>
Package pdftex.def Info: ./Figures/exp1_cpu_fst.pdf used on input line 89.
(pdftex.def)             Requested size: 417.47884pt x 247.90916pt.
Missing character: There is no ‚ in font cmr10!
Missing character: There is no Ä in font cmr10!
Missing character: There is no å in font cmr10!
Missing character: There is no ‚ in font cmr10!
Missing character: There is no Ä in font cmr10!
Missing character: There is no å in font cmr10!
Missing character: There is no ‚ in font cmr10!
Missing character: There is no Ä in font cmr10!
Missing character: There is no å in font cmr10!

<./Figures/exp_1_max-min.pdf, id=695, 794.97pt x 578.16pt>
File: ./Figures/exp_1_max-min.pdf Graphic file (type pdf)

<use ./Figures/exp_1_max-min.pdf>
Package pdftex.def Info: ./Figures/exp_1_max-min.pdf used on input line 105.
(pdftex.def)             Requested size: 417.4868pt x 303.62677pt.

Underfull \hbox (badness 10000) in paragraph at lines 114--115

 []

[34 <./Figures/exp1_cpu_fst.pdf>]
Missing character: There is no ‚ in font cmr10!
Missing character: There is no Ä in font cmr10!
Missing character: There is no å in font cmr10!

Underfull \hbox (badness 10000) in paragraph at lines 119--120

 []

[35 <./Figures/exp_1_max-min.pdf>]
Missing character: There is no ‚ in font cmr10!
Missing character: There is no Ä in font cmr10!
Missing character: There is no å in font cmr10!
Missing character: There is no ‚ in font cmr10!
Missing character: There is no Ä in font cmr10!
Missing character: There is no å in font cmr10!
Missing character: There is no ‚ in font cmr10!
Missing character: There is no Ä in font cmr10!
Missing character: There is no å in font cmr10!

Underfull \hbox (badness 10000) in paragraph at lines 145--146

 []

<./Figures/exp_2_mean.pdf, id=721, 794.97pt x 578.16pt>
File: ./Figures/exp_2_mean.pdf Graphic file (type pdf)

<use ./Figures/exp_2_mean.pdf>
Package pdftex.def Info: ./Figures/exp_2_mean.pdf used on input line 149.
(pdftex.def)             Requested size: 417.4868pt x 303.62677pt.

Underfull \hbox (badness 10000) in paragraph at lines 155--156

 []

[36]
Underfull \hbox (badness 10000) in paragraph at lines 157--158

 []


Underfull \hbox (badness 10000) in paragraph at lines 160--161

 []

[37 <./Figures/exp_2_mean.pdf>]
Underfull \hbox (badness 10000) in paragraph at lines 162--163

 []


Underfull \hbox (badness 10000) in paragraph at lines 165--166

 []


Underfull \hbox (badness 10000) in paragraph at lines 167--168

 []

Missing character: There is no ‚ in font cmr10!
Missing character: There is no Ä in font cmr10!
Missing character: There is no å in font cmr10!

Underfull \hbox (badness 10000) in paragraph at lines 170--171

 []

[38]
Underfull \hbox (badness 10000) in paragraph at lines 173--174

 []

<./Figures/exp2_cpu_cpt_vs_cpf.pdf, id=746, 430.56357pt x 249.90765pt>
File: ./Figures/exp2_cpu_cpt_vs_cpf.pdf Graphic file (type pdf)

<use ./Figures/exp2_cpu_cpt_vs_cpf.pdf>
Package pdftex.def Info: ./Figures/exp2_cpu_cpt_vs_cpf.pdf used on input line 1
77.
(pdftex.def)             Requested size: 417.46875pt x 242.30716pt.
Missing character: There is no ‚ in font cmr10!
Missing character: There is no Ä in font cmr10!
Missing character: There is no å in font cmr10!
Missing character: There is no ‚ in font cmr10!
Missing character: There is no Ä in font cmr10!
Missing character: There is no å in font cmr10!

<./Figures/exp2_cpu_fst_vs_fsf.pdf, id=749, 477.23296pt x 270.23157pt>
File: ./Figures/exp2_cpu_fst_vs_fsf.pdf Graphic file (type pdf)

<use ./Figures/exp2_cpu_fst_vs_fsf.pdf>
Package pdftex.def Info: ./Figures/exp2_cpu_fst_vs_fsf.pdf used on input line 1
91.
(pdftex.def)             Requested size: 417.48314pt x 236.39842pt.
Missing character: There is no ‚ in font cmr10!
Missing character: There is no Ä in font cmr10!
Missing character: There is no å in font cmr10!
Missing character: There is no ‚ in font cmr10!
Missing character: There is no Ä in font cmr10!
Missing character: There is no å in font cmr10!

Underfull \hbox (badness 10000) in paragraph at lines 202--203

 []

[39 <./Figures/exp2_cpu_cpt_vs_cpf.pdf>]
<./Figures/exp2_cpu_cpt_vs_fst.pdf, id=761, 553.25996pt x 322.17064pt>
File: ./Figures/exp2_cpu_cpt_vs_fst.pdf Graphic file (type pdf)

<use ./Figures/exp2_cpu_cpt_vs_fst.pdf>
Package pdftex.def Info: ./Figures/exp2_cpu_cpt_vs_fst.pdf used on input line 2
08.
(pdftex.def)             Requested size: 417.47656pt x 243.10216pt.
Missing character: There is no ‚ in font cmr10!
Missing character: There is no Ä in font cmr10!
Missing character: There is no å in font cmr10!
Missing character: There is no ‚ in font cmr10!
Missing character: There is no Ä in font cmr10!
Missing character: There is no å in font cmr10!

Underfull \hbox (badness 10000) in paragraph at lines 222--223

 []

[40 <./Figures/exp2_cpu_fst_vs_fsf.pdf> <./Figures/exp2_cpu_cpt_vs_fst.pdf>]
Underfull \hbox (badness 10000) in paragraph at lines 226--227

 []

<./Figures/exp_2_max-min.pdf, id=779, 794.97pt x 578.16pt>
File: ./Figures/exp_2_max-min.pdf Graphic file (type pdf)

<use ./Figures/exp_2_max-min.pdf>
Package pdftex.def Info: ./Figures/exp_2_max-min.pdf used on input line 231.
(pdftex.def)             Requested size: 417.4868pt x 303.62677pt.

Underfull \hbox (badness 10000) in paragraph at lines 240--241

 []

[41 <./Figures/exp_2_max-min.pdf>]
Underfull \hbox (badness 10000) in paragraph at lines 243--244

 []


Underfull \hbox (badness 10000) in paragraph at lines 245--246

 []


Underfull \hbox (badness 10000) in paragraph at lines 248--249

 []

[42] <./Figures/exp_3_mean.pdf, id=796, 794.97pt x 578.16pt>
File: ./Figures/exp_3_mean.pdf Graphic file (type pdf)

<use ./Figures/exp_3_mean.pdf>
Package pdftex.def Info: ./Figures/exp_3_mean.pdf used on input line 269.
(pdftex.def)             Requested size: 417.4868pt x 303.62677pt.

Underfull \hbox (badness 10000) in paragraph at lines 276--277

 []


Underfull \hbox (badness 10000) in paragraph at lines 278--279

 []

[43]
Underfull \hbox (badness 10000) in paragraph at lines 281--282

 []

[44 <./Figures/exp_3_mean.pdf>]
Missing character: There is no ‚ in font cmr10!
Missing character: There is no Ä in font cmr10!
Missing character: There is no å in font cmr10!

Underfull \hbox (badness 10000) in paragraph at lines 283--286

 []


Underfull \hbox (badness 10000) in paragraph at lines 287--288

 []


Underfull \hbox (badness 10000) in paragraph at lines 291--292

 []


Underfull \hbox (badness 10000) in paragraph at lines 293--294

 []

<./Figures/exp3_cpu_cpf_dn_vs_ccl.pdf, id=815, 486.2667pt x 291.30832pt>
File: ./Figures/exp3_cpu_cpf_dn_vs_ccl.pdf Graphic file (type pdf)

<use ./Figures/exp3_cpu_cpf_dn_vs_ccl.pdf>
Package pdftex.def Info: ./Figures/exp3_cpu_cpf_dn_vs_ccl.pdf used on input lin
e 297.
(pdftex.def)             Requested size: 417.48373pt x 250.10243pt.
Missing character: There is no ‚ in font cmr10!
Missing character: There is no Ä in font cmr10!
Missing character: There is no å in font cmr10!
Missing character: There is no ‚ in font cmr10!
Missing character: There is no Ä in font cmr10!
Missing character: There is no å in font cmr10!

Underfull \hbox (badness 10000) in paragraph at lines 303--305

 []

[45] <./Figures/exp3_cpu_fsf_dn_vs_ccl.pdf, id=821, 486.2667pt x 291.30832pt>
File: ./Figures/exp3_cpu_fsf_dn_vs_ccl.pdf Graphic file (type pdf)

<use ./Figures/exp3_cpu_fsf_dn_vs_ccl.pdf>
Package pdftex.def Info: ./Figures/exp3_cpu_fsf_dn_vs_ccl.pdf used on input lin
e 309.
(pdftex.def)             Requested size: 417.48373pt x 250.10243pt.
Missing character: There is no ‚ in font cmr10!
Missing character: There is no Ä in font cmr10!
Missing character: There is no å in font cmr10!
Missing character: There is no ‚ in font cmr10!
Missing character: There is no Ä in font cmr10!
Missing character: There is no å in font cmr10!

Underfull \hbox (badness 10000) in paragraph at lines 324--325

 []

[46 <./Figures/exp3_cpu_cpf_dn_vs_ccl.pdf>]
<./Figures/exp_3_max-min.pdf, id=834, 794.97pt x 578.16pt>
File: ./Figures/exp_3_max-min.pdf Graphic file (type pdf)

<use ./Figures/exp_3_max-min.pdf>
Package pdftex.def Info: ./Figures/exp_3_max-min.pdf used on input line 333.
(pdftex.def)             Requested size: 417.4868pt x 303.62677pt.

Underfull \hbox (badness 10000) in paragraph at lines 340--341

 []


Underfull \hbox (badness 10000) in paragraph at lines 343--344

 []

[47 <./Figures/exp3_cpu_fsf_dn_vs_ccl.pdf>]
Underfull \hbox (badness 10000) in paragraph at lines 345--346

 []

) (./Chapters/Chapter6.tex [48 <./Figures/exp_3_max-min.pdf>]
Chapter 6.
------------------------------------------------------------------------------
 6 Cloud Computing in Afghanistan
------------------------------------------------------------------------------
Missing character: There is no ‚ in font cmr10!
Missing character: There is no Ä in font cmr10!
Missing character: There is no ô in font cmr10!
Missing character: There is no ‚ in font cmr10!
Missing character: There is no Ä in font cmr10!
Missing character: There is no ô in font cmr10!

Underfull \hbox (badness 10000) in paragraph at lines 16--17

 []


Underfull \hbox (badness 10000) in paragraph at lines 18--19

 []

[49

]
Overfull \hbox (1.6831pt too wide) in paragraph at lines 31--32
\OT1/cmr/m/n/10.95 The telecom-mu-ni-ca-tion com-pa-nies cur-rently launched 3G
 ser-vices, through which Afghan
 []


Underfull \hbox (badness 10000) in paragraph at lines 31--32

 []

[50]
Missing character: There is no ‚ in font cmr10!
Missing character: There is no Ä in font cmr10!
Missing character: There is no å in font cmr10!

Underfull \hbox (badness 10000) in paragraph at lines 33--34

 []

) (./Chapters/Chapter7.tex [51]
Chapter 7.
------------------------------------------------------------------------------
 7 Conclusions
------------------------------------------------------------------------------

Underfull \hbox (badness 10000) in paragraph at lines 16--17

 []


Underfull \hbox (badness 10000) in paragraph at lines 19--20

 []

[52

]
Underfull \hbox (badness 10000) in paragraph at lines 21--22

 []

Missing character: There is no ‚ in font cmr10!
Missing character: There is no Ä in font cmr10!
Missing character: There is no å in font cmr10!

Underfull \hbox (badness 10000) in paragraph at lines 23--24

 []

Missing character: There is no ‚ in font cmr10!
Missing character: There is no Ä in font cmr10!
Missing character: There is no å in font cmr10!
Missing character: There is no ‚ in font cmr10!
Missing character: There is no Ä in font cmr10!
Missing character: There is no å in font cmr10!
Missing character: There is no ‚ in font cmr10!
Missing character: There is no Ä in font cmr10!
Missing character: There is no å in font cmr10!
[53]
Underfull \hbox (badness 10000) in paragraph at lines 31--32

 []


Underfull \hbox (badness 10000) in paragraph at lines 33--34

 []

) (./main.bbl [54]
Underfull \hbox (badness 1558) in paragraph at lines 21--24
[]\OT1/cmr/m/n/10.95 Facbook.  Key facts, Septem-ber 2013.  URL [][]$\OT1/cmtt/
m/n/10.95 https : / / newsroom . fb . com /
 []

Missing character: There is no Ô in font cmr10!
Missing character: There is no ¨ in font cmr10!
Missing character: There is no Å in font cmr10!
[55

]
Underfull \hbox (badness 10000) in paragraph at lines 81--86
[]\OT1/cmr/m/n/10.95 Elham Ghashghai and Ros-alind Lewis.  Is-sues af-fect-ing 
in-ter-net
 []


Underfull \hbox (badness 10000) in paragraph at lines 81--86
\OT1/cmr/m/n/10.95 use in afghanistan and de-vel-op-ing coun-tries in the mid-d
le east.
 []


Underfull \hbox (badness 10000) in paragraph at lines 81--86
\OT1/cmr/m/n/10.95 http://www.rand.org/publications/IP/IP23., March 2003.  URL 
[][]$\OT1/cmtt/m/n/10.95 http :
 []

) [56]
------------------------------------------------------------------------------
 Bibliography
------------------------------------------------------------------------------
(./Appendices/AppendixA.tex
------------------------------------------------------------------------------
  Appendix A
------------------------------------------------------------------------------

Overfull \hbox (163.1444pt too wide) in paragraph at lines 162--162
[]\OT1/cmtt/m/n/10.95 # This file was the main file to start the process of ins
tallation, configuration and running Hadoop.[] 
 []

[57


]
Overfull \hbox (2.18114pt too wide) in paragraph at lines 162--162
[]    \OT1/cmtt/m/n/10.95 hadoopLoadProcess = Process(target=hadoop_utils.hadoo
p_load_workload,[] 
 []

[58]
Overfull \hbox (7.92982pt too wide) in paragraph at lines 162--162
[]            \OT1/cmtt/m/n/10.95 nova_delete(ACTIVE_MAP[HADOOP_HOSTNAME_PREFIX
 + "-%s" % i].id)[] 
 []

[59]
Overfull \hbox (13.67851pt too wide) in paragraph at lines 162--162
[]                            \OT1/cmtt/m/n/10.95 print "runs/ folder doesn't e
xist. Continuing."[] 
 []


Overfull \hbox (30.92458pt too wide) in paragraph at lines 162--162
[]                    \OT1/cmtt/m/n/10.95 if pm["mapred-site.xml"] == "mapred-s
ite-spec-false.xml" :[] 
 []


Overfull \hbox (25.17589pt too wide) in paragraph at lines 162--162
[]                    \OT1/cmtt/m/n/10.95 shutil.copytree("runs", "exp_x/hadoop
_bs_3/runs-%s-%s-%s"[] 
 []


Overfull \hbox (13.67851pt too wide) in paragraph at lines 162--162
[]                                    \OT1/cmtt/m/n/10.95 +spec+"-"+str(run_no)
+"-"+str(reducer),[] 
 []

[60] [61] [62] [63]
Overfull \hbox (7.92982pt too wide) in paragraph at lines 408--408
[]    \OT1/cmtt/m/n/10.95 scp_file_to_host(pm["mapred-site.xml"], get_ip_for_in
stance(HADOOP_NN)[] 
 []


Overfull \hbox (25.17589pt too wide) in paragraph at lines 408--408
[]                     \OT1/cmtt/m/n/10.95 + ":~/hadoop-3.0.0-SNAPSHOT/etc/hado
op/mapred-site.xml")[] 
 []


Overfull \hbox (53.91933pt too wide) in paragraph at lines 408--408
[]    \OT1/cmtt/m/n/10.95 execute_on_vm(get_ip_for_instance(HADOOP_NN), "rm -r 
parse_terasort_logs.py;")[] 
 []


Overfull \hbox (25.17589pt too wide) in paragraph at lines 408--408
[]    \OT1/cmtt/m/n/10.95 scp_file_to_host("parse_terasort_logs.py", get_ip_for
_instance(HADOOP_NN)[] 
 []


Overfull \hbox (7.92982pt too wide) in paragraph at lines 408--408
[]    \OT1/cmtt/m/n/10.95 execute_on_vm(get_ip_for_instance(HADOOP_NN), "hdfs n
amenode -format")[] 
 []


Overfull \hbox (19.4272pt too wide) in paragraph at lines 408--408
[]    \OT1/cmtt/m/n/10.95 execute_on_vm(get_ip_for_instance(HADOOP_NN), "~/hado
op-3.0.0-SNAPSHOT/\[] 
 []


Overfull \hbox (36.67326pt too wide) in paragraph at lines 408--408
[]     \OT1/cmtt/m/n/10.95 -l ubuntu' ~/hadoop-3.0.0-SNAPSHOT/sbin/hadoop-daemo
ns.sh start datanode")[] 
 []


Overfull \hbox (42.42195pt too wide) in paragraph at lines 408--408
[]     \OT1/cmtt/m/n/10.95 -l ubuntu' ~/hadoop-3.0.0-SNAPSHOT/sbin/yarn-daemons
.sh start nodemanager")[] 
 []


Overfull \hbox (59.66801pt too wide) in paragraph at lines 408--408
[]    \OT1/cmtt/m/n/10.95 execute_on_vm(get_ip_for_instance(HADOOP_NN), "~/hado
op-3.0.0-SNAPSHOT/sbin/./\[] 
 []

[64] [65]
Overfull \hbox (42.42195pt too wide) in paragraph at lines 408--408
[]       \OT1/cmtt/m/n/10.95 run_part1 = "hadoop jar /home/ubuntu/hadoop-3.0.0-
SNAPSHOT/share/hadoop/\[] 
 []


Overfull \hbox (53.91933pt too wide) in paragraph at lines 408--408
[]        \OT1/cmtt/m/n/10.95 -D mapred.reduce.tasks="+str(num_reducer)+"  /use
r/hduser/terasort-input-"[] 
 []

[66]
Overfull \hbox (59.66801pt too wide) in paragraph at lines 578--578
[]\OT1/cmtt/m/n/10.95 # This file is used to collect the required metrics from 
Hadoop's performance logs.[] 
 []

[67] [68] [69] [70] [71] [72] [73] [74] [75] [76] [77] [78] [79] [80] [81]
[82] [83])
Package atveryend Info: Empty hook `BeforeClearDocument' on input line 362.
 [84]
Package atveryend Info: Empty hook `AfterLastShipout' on input line 362.
 (./main.aux)
Package atveryend Info: Executing hook `AtVeryEndDocument' on input line 362.
Package atveryend Info: Executing hook `AtEndAfterFileList' on input line 362.
Package rerunfilecheck Info: File `main.out' has not changed.
(rerunfilecheck)             Checksum: 46A1CA886B3672E92EFE6324D3A31450;10796.
Package atveryend Info: Empty hook `AtVeryVeryEnd' on input line 362.
 ) 
Here is how much of TeX's memory you used:
 10995 strings out of 493485
 155401 string characters out of 3143526
 245372 words of memory out of 3000000
 13892 multiletter control sequences out of 15000+200000
 14083 words of font info for 51 fonts, out of 3000000 for 9000
 957 hyphenation exceptions out of 8191
 49i,12n,45p,1769b,449s stack positions out of 5000i,500n,10000p,200000b,50000s
</usr/share/texlive/texmf-dist/fonts/type1/public/amsfonts/cm/cmbx10.pfb></us
r/share/texlive/texmf-dist/fonts/type1/public/amsfonts/cm/cmbx12.pfb></usr/shar
e/texlive/texmf-dist/fonts/type1/public/amsfonts/cm/cmcsc10.pfb></usr/share/tex
live/texmf-dist/fonts/type1/public/amsfonts/cm/cmmi10.pfb></usr/share/texlive/t
exmf-dist/fonts/type1/public/amsfonts/cm/cmr10.pfb></usr/share/texlive/texmf-di
st/fonts/type1/public/amsfonts/cm/cmr12.pfb></usr/share/texlive/texmf-dist/font
s/type1/public/amsfonts/cm/cmsy10.pfb></usr/share/texlive/texmf-dist/fonts/type
1/public/amsfonts/cm/cmti10.pfb></usr/share/texlive/texmf-dist/fonts/type1/publ
ic/amsfonts/cm/cmti12.pfb></usr/share/texlive/texmf-dist/fonts/type1/public/ams
fonts/cm/cmtt10.pfb>
Output written on main.pdf (96 pages, 1062349 bytes).
PDF statistics:
 1120 PDF objects out of 1200 (max. 8388607)
 956 compressed objects within 10 object streams
 204 named destinations out of 1000 (max. 500000)
 646 words of extra memory for PDF output out of 10000 (max. 10000000)

